2018-05-18 13:15:49.796  INFO 17872 --- [main] me.ankit.zooplus.logTest                 : Starting logTest on T60841YJKP32 with PID 17872 (started by bhurata in C:\___\java\zooplus-SpringBoot\zooplus)
2018-05-18 13:15:49.808  INFO 17872 --- [main] me.ankit.zooplus.logTest                 : No active profile set, falling back to default profiles: default
2018-05-18 13:15:49.953  INFO 17872 --- [main] o.s.w.c.s.GenericWebApplicationContext   : Refreshing org.springframework.web.context.support.GenericWebApplicationContext@769a1df5: startup date [Fri May 18 13:15:49 EDT 2018]; root of context hierarchy
2018-05-18 13:15:54.638  INFO 17872 --- [main] trationDelegate$BeanPostProcessorChecker : Bean 'org.springframework.transaction.annotation.ProxyTransactionManagementConfiguration' of type [org.springframework.transaction.annotation.ProxyTransactionManagementConfiguration$$EnhancerBySpringCGLIB$$41f669c6] is not eligible for getting processed by all BeanPostProcessors (for example: not eligible for auto-proxying)
2018-05-18 13:15:55.327  INFO 17872 --- [main] com.zaxxer.hikari.HikariDataSource       : HikariPool-1 - Starting...
2018-05-18 13:15:56.074  INFO 17872 --- [main] hsqldb.db.HSQLDB634B08CCE6.ENGINE        : checkpointClose start
2018-05-18 13:15:56.075  INFO 17872 --- [main] hsqldb.db.HSQLDB634B08CCE6.ENGINE        : checkpointClose synched
2018-05-18 13:15:56.103  INFO 17872 --- [main] hsqldb.db.HSQLDB634B08CCE6.ENGINE        : checkpointClose script done
2018-05-18 13:15:56.164  INFO 17872 --- [main] hsqldb.db.HSQLDB634B08CCE6.ENGINE        : checkpointClose end
2018-05-18 13:15:56.186  INFO 17872 --- [main] com.zaxxer.hikari.pool.PoolBase          : HikariPool-1 - Driver does not support get/set network timeout for connections. (feature not supported)
2018-05-18 13:15:56.192  INFO 17872 --- [main] com.zaxxer.hikari.HikariDataSource       : HikariPool-1 - Start completed.
2018-05-18 13:15:56.337  INFO 17872 --- [main] j.LocalContainerEntityManagerFactoryBean : Building JPA container EntityManagerFactory for persistence unit 'default'
2018-05-18 13:15:56.399  INFO 17872 --- [main] o.hibernate.jpa.internal.util.LogHelper  : HHH000204: Processing PersistenceUnitInfo [
	name: default
	...]
2018-05-18 13:15:56.727  INFO 17872 --- [main] org.hibernate.Version                    : HHH000412: Hibernate Core {5.2.16.Final}
2018-05-18 13:15:56.729  INFO 17872 --- [main] org.hibernate.cfg.Environment            : HHH000206: hibernate.properties not found
2018-05-18 13:15:56.880  INFO 17872 --- [main] o.hibernate.annotations.common.Version   : HCANN000001: Hibernate Commons Annotations {5.0.1.Final}
2018-05-18 13:15:57.064 DEBUG 17872 --- [main] org.hibernate.type.BasicTypeRegistry     : Adding type registration boolean -> org.hibernate.type.BooleanType@6ec7bce0
2018-05-18 13:15:57.065 DEBUG 17872 --- [main] org.hibernate.type.BasicTypeRegistry     : Adding type registration boolean -> org.hibernate.type.BooleanType@6ec7bce0
2018-05-18 13:15:57.066 DEBUG 17872 --- [main] org.hibernate.type.BasicTypeRegistry     : Adding type registration java.lang.Boolean -> org.hibernate.type.BooleanType@6ec7bce0
2018-05-18 13:15:57.070 DEBUG 17872 --- [main] org.hibernate.type.BasicTypeRegistry     : Adding type registration numeric_boolean -> org.hibernate.type.NumericBooleanType@1b5c3e5f
2018-05-18 13:15:57.073 DEBUG 17872 --- [main] org.hibernate.type.BasicTypeRegistry     : Adding type registration true_false -> org.hibernate.type.TrueFalseType@5aaaa446
2018-05-18 13:15:57.076 DEBUG 17872 --- [main] org.hibernate.type.BasicTypeRegistry     : Adding type registration yes_no -> org.hibernate.type.YesNoType@7d9ba6c
2018-05-18 13:15:57.082 DEBUG 17872 --- [main] org.hibernate.type.BasicTypeRegistry     : Adding type registration byte -> org.hibernate.type.ByteType@684b31de
2018-05-18 13:15:57.082 DEBUG 17872 --- [main] org.hibernate.type.BasicTypeRegistry     : Adding type registration byte -> org.hibernate.type.ByteType@684b31de
2018-05-18 13:15:57.082 DEBUG 17872 --- [main] org.hibernate.type.BasicTypeRegistry     : Adding type registration java.lang.Byte -> org.hibernate.type.ByteType@684b31de
2018-05-18 13:15:57.086 DEBUG 17872 --- [main] org.hibernate.type.BasicTypeRegistry     : Adding type registration character -> org.hibernate.type.CharacterType@42b6d0cc
2018-05-18 13:15:57.087 DEBUG 17872 --- [main] org.hibernate.type.BasicTypeRegistry     : Adding type registration char -> org.hibernate.type.CharacterType@42b6d0cc
2018-05-18 13:15:57.087 DEBUG 17872 --- [main] org.hibernate.type.BasicTypeRegistry     : Adding type registration java.lang.Character -> org.hibernate.type.CharacterType@42b6d0cc
2018-05-18 13:15:57.090 DEBUG 17872 --- [main] org.hibernate.type.BasicTypeRegistry     : Adding type registration short -> org.hibernate.type.ShortType@7c8d5312
2018-05-18 13:15:57.090 DEBUG 17872 --- [main] org.hibernate.type.BasicTypeRegistry     : Adding type registration short -> org.hibernate.type.ShortType@7c8d5312
2018-05-18 13:15:57.091 DEBUG 17872 --- [main] org.hibernate.type.BasicTypeRegistry     : Adding type registration java.lang.Short -> org.hibernate.type.ShortType@7c8d5312
2018-05-18 13:15:57.094 DEBUG 17872 --- [main] org.hibernate.type.BasicTypeRegistry     : Adding type registration integer -> org.hibernate.type.IntegerType@7fd26ad8
2018-05-18 13:15:57.095 DEBUG 17872 --- [main] org.hibernate.type.BasicTypeRegistry     : Adding type registration int -> org.hibernate.type.IntegerType@7fd26ad8
2018-05-18 13:15:57.095 DEBUG 17872 --- [main] org.hibernate.type.BasicTypeRegistry     : Adding type registration java.lang.Integer -> org.hibernate.type.IntegerType@7fd26ad8
2018-05-18 13:15:57.100 DEBUG 17872 --- [main] org.hibernate.type.BasicTypeRegistry     : Adding type registration long -> org.hibernate.type.LongType@54cf7c6a
2018-05-18 13:15:57.101 DEBUG 17872 --- [main] org.hibernate.type.BasicTypeRegistry     : Adding type registration long -> org.hibernate.type.LongType@54cf7c6a
2018-05-18 13:15:57.101 DEBUG 17872 --- [main] org.hibernate.type.BasicTypeRegistry     : Adding type registration java.lang.Long -> org.hibernate.type.LongType@54cf7c6a
2018-05-18 13:15:57.143 DEBUG 17872 --- [main] org.hibernate.type.BasicTypeRegistry     : Adding type registration float -> org.hibernate.type.FloatType@52169758
2018-05-18 13:15:57.143 DEBUG 17872 --- [main] org.hibernate.type.BasicTypeRegistry     : Adding type registration float -> org.hibernate.type.FloatType@52169758
2018-05-18 13:15:57.143 DEBUG 17872 --- [main] org.hibernate.type.BasicTypeRegistry     : Adding type registration java.lang.Float -> org.hibernate.type.FloatType@52169758
2018-05-18 13:15:57.147 DEBUG 17872 --- [main] org.hibernate.type.BasicTypeRegistry     : Adding type registration double -> org.hibernate.type.DoubleType@10dc7d6
2018-05-18 13:15:57.147 DEBUG 17872 --- [main] org.hibernate.type.BasicTypeRegistry     : Adding type registration double -> org.hibernate.type.DoubleType@10dc7d6
2018-05-18 13:15:57.148 DEBUG 17872 --- [main] org.hibernate.type.BasicTypeRegistry     : Adding type registration java.lang.Double -> org.hibernate.type.DoubleType@10dc7d6
2018-05-18 13:15:57.154 DEBUG 17872 --- [main] org.hibernate.type.BasicTypeRegistry     : Adding type registration big_decimal -> org.hibernate.type.BigDecimalType@6884f0d9
2018-05-18 13:15:57.154 DEBUG 17872 --- [main] org.hibernate.type.BasicTypeRegistry     : Adding type registration java.math.BigDecimal -> org.hibernate.type.BigDecimalType@6884f0d9
2018-05-18 13:15:57.157 DEBUG 17872 --- [main] org.hibernate.type.BasicTypeRegistry     : Adding type registration big_integer -> org.hibernate.type.BigIntegerType@3a22bad6
2018-05-18 13:15:57.158 DEBUG 17872 --- [main] org.hibernate.type.BasicTypeRegistry     : Adding type registration java.math.BigInteger -> org.hibernate.type.BigIntegerType@3a22bad6
2018-05-18 13:15:57.161 DEBUG 17872 --- [main] org.hibernate.type.BasicTypeRegistry     : Adding type registration string -> org.hibernate.type.StringType@77ec6a3d
2018-05-18 13:15:57.161 DEBUG 17872 --- [main] org.hibernate.type.BasicTypeRegistry     : Adding type registration java.lang.String -> org.hibernate.type.StringType@77ec6a3d
2018-05-18 13:15:57.166 DEBUG 17872 --- [main] org.hibernate.type.BasicTypeRegistry     : Adding type registration nstring -> org.hibernate.type.StringNVarcharType@1a0b5323
2018-05-18 13:15:57.169 DEBUG 17872 --- [main] org.hibernate.type.BasicTypeRegistry     : Adding type registration ncharacter -> org.hibernate.type.CharacterNCharType@34d4860f
2018-05-18 13:15:57.173 DEBUG 17872 --- [main] org.hibernate.type.BasicTypeRegistry     : Adding type registration url -> org.hibernate.type.UrlType@6f1a80fb
2018-05-18 13:15:57.173 DEBUG 17872 --- [main] org.hibernate.type.BasicTypeRegistry     : Adding type registration java.net.URL -> org.hibernate.type.UrlType@6f1a80fb
2018-05-18 13:15:57.176 DEBUG 17872 --- [main] org.hibernate.type.BasicTypeRegistry     : Adding type registration Duration -> org.hibernate.type.DurationType@10fda3d0
2018-05-18 13:15:57.177 DEBUG 17872 --- [main] org.hibernate.type.BasicTypeRegistry     : Adding type registration java.time.Duration -> org.hibernate.type.DurationType@10fda3d0
2018-05-18 13:15:57.181 DEBUG 17872 --- [main] org.hibernate.type.BasicTypeRegistry     : Adding type registration Instant -> org.hibernate.type.InstantType@9aa2002
2018-05-18 13:15:57.182 DEBUG 17872 --- [main] org.hibernate.type.BasicTypeRegistry     : Adding type registration java.time.Instant -> org.hibernate.type.InstantType@9aa2002
2018-05-18 13:15:57.188 DEBUG 17872 --- [main] org.hibernate.type.BasicTypeRegistry     : Adding type registration LocalDateTime -> org.hibernate.type.LocalDateTimeType@71945bc0
2018-05-18 13:15:57.189 DEBUG 17872 --- [main] org.hibernate.type.BasicTypeRegistry     : Adding type registration java.time.LocalDateTime -> org.hibernate.type.LocalDateTimeType@71945bc0
2018-05-18 13:15:57.192 DEBUG 17872 --- [main] org.hibernate.type.BasicTypeRegistry     : Adding type registration LocalDate -> org.hibernate.type.LocalDateType@3c69362a
2018-05-18 13:15:57.193 DEBUG 17872 --- [main] org.hibernate.type.BasicTypeRegistry     : Adding type registration java.time.LocalDate -> org.hibernate.type.LocalDateType@3c69362a
2018-05-18 13:15:57.199 DEBUG 17872 --- [main] org.hibernate.type.BasicTypeRegistry     : Adding type registration LocalTime -> org.hibernate.type.LocalTimeType@7c251f90
2018-05-18 13:15:57.199 DEBUG 17872 --- [main] org.hibernate.type.BasicTypeRegistry     : Adding type registration java.time.LocalTime -> org.hibernate.type.LocalTimeType@7c251f90
2018-05-18 13:15:57.203 DEBUG 17872 --- [main] org.hibernate.type.BasicTypeRegistry     : Adding type registration OffsetDateTime -> org.hibernate.type.OffsetDateTimeType@66f0548d
2018-05-18 13:15:57.203 DEBUG 17872 --- [main] org.hibernate.type.BasicTypeRegistry     : Adding type registration java.time.OffsetDateTime -> org.hibernate.type.OffsetDateTimeType@66f0548d
2018-05-18 13:15:57.207 DEBUG 17872 --- [main] org.hibernate.type.BasicTypeRegistry     : Adding type registration OffsetTime -> org.hibernate.type.OffsetTimeType@212dfd39
2018-05-18 13:15:57.207 DEBUG 17872 --- [main] org.hibernate.type.BasicTypeRegistry     : Adding type registration java.time.OffsetTime -> org.hibernate.type.OffsetTimeType@212dfd39
2018-05-18 13:15:57.212 DEBUG 17872 --- [main] org.hibernate.type.BasicTypeRegistry     : Adding type registration ZonedDateTime -> org.hibernate.type.ZonedDateTimeType@1f77b5cc
2018-05-18 13:15:57.213 DEBUG 17872 --- [main] org.hibernate.type.BasicTypeRegistry     : Adding type registration java.time.ZonedDateTime -> org.hibernate.type.ZonedDateTimeType@1f77b5cc
2018-05-18 13:15:57.269 DEBUG 17872 --- [main] org.hibernate.type.BasicTypeRegistry     : Adding type registration date -> org.hibernate.type.DateType@3bddc676
2018-05-18 13:15:57.269 DEBUG 17872 --- [main] org.hibernate.type.BasicTypeRegistry     : Adding type registration java.sql.Date -> org.hibernate.type.DateType@3bddc676
2018-05-18 13:15:57.272 DEBUG 17872 --- [main] org.hibernate.type.BasicTypeRegistry     : Adding type registration time -> org.hibernate.type.TimeType@44b18fe4
2018-05-18 13:15:57.272 DEBUG 17872 --- [main] org.hibernate.type.BasicTypeRegistry     : Adding type registration java.sql.Time -> org.hibernate.type.TimeType@44b18fe4
2018-05-18 13:15:57.274 DEBUG 17872 --- [main] org.hibernate.type.BasicTypeRegistry     : Adding type registration timestamp -> org.hibernate.type.TimestampType@6c931d35
2018-05-18 13:15:57.275 DEBUG 17872 --- [main] org.hibernate.type.BasicTypeRegistry     : Adding type registration java.sql.Timestamp -> org.hibernate.type.TimestampType@6c931d35
2018-05-18 13:15:57.275 DEBUG 17872 --- [main] org.hibernate.type.BasicTypeRegistry     : Adding type registration java.util.Date -> org.hibernate.type.TimestampType@6c931d35
2018-05-18 13:15:57.279 DEBUG 17872 --- [main] org.hibernate.type.BasicTypeRegistry     : Adding type registration dbtimestamp -> org.hibernate.type.DbTimestampType@3fe46690
2018-05-18 13:15:57.281 DEBUG 17872 --- [main] org.hibernate.type.BasicTypeRegistry     : Adding type registration calendar -> org.hibernate.type.CalendarType@59ed3e6c
2018-05-18 13:15:57.282 DEBUG 17872 --- [main] org.hibernate.type.BasicTypeRegistry     : Adding type registration java.util.Calendar -> org.hibernate.type.CalendarType@59ed3e6c
2018-05-18 13:15:57.282 DEBUG 17872 --- [main] org.hibernate.type.BasicTypeRegistry     : Adding type registration java.util.GregorianCalendar -> org.hibernate.type.CalendarType@59ed3e6c
2018-05-18 13:15:57.284 DEBUG 17872 --- [main] org.hibernate.type.BasicTypeRegistry     : Adding type registration calendar_date -> org.hibernate.type.CalendarDateType@18da4dd
2018-05-18 13:15:57.287 DEBUG 17872 --- [main] org.hibernate.type.BasicTypeRegistry     : Adding type registration locale -> org.hibernate.type.LocaleType@6f3e19b3
2018-05-18 13:15:57.288 DEBUG 17872 --- [main] org.hibernate.type.BasicTypeRegistry     : Adding type registration java.util.Locale -> org.hibernate.type.LocaleType@6f3e19b3
2018-05-18 13:15:57.290 DEBUG 17872 --- [main] org.hibernate.type.BasicTypeRegistry     : Adding type registration currency -> org.hibernate.type.CurrencyType@339a3670
2018-05-18 13:15:57.291 DEBUG 17872 --- [main] org.hibernate.type.BasicTypeRegistry     : Adding type registration java.util.Currency -> org.hibernate.type.CurrencyType@339a3670
2018-05-18 13:15:57.294 DEBUG 17872 --- [main] org.hibernate.type.BasicTypeRegistry     : Adding type registration timezone -> org.hibernate.type.TimeZoneType@360bc645
2018-05-18 13:15:57.295 DEBUG 17872 --- [main] org.hibernate.type.BasicTypeRegistry     : Adding type registration java.util.TimeZone -> org.hibernate.type.TimeZoneType@360bc645
2018-05-18 13:15:57.299 DEBUG 17872 --- [main] org.hibernate.type.BasicTypeRegistry     : Adding type registration class -> org.hibernate.type.ClassType@21c815e4
2018-05-18 13:15:57.299 DEBUG 17872 --- [main] org.hibernate.type.BasicTypeRegistry     : Adding type registration java.lang.Class -> org.hibernate.type.ClassType@21c815e4
2018-05-18 13:15:57.308 DEBUG 17872 --- [main] org.hibernate.type.BasicTypeRegistry     : Adding type registration uuid-binary -> org.hibernate.type.UUIDBinaryType@304d0259
2018-05-18 13:15:57.308 DEBUG 17872 --- [main] org.hibernate.type.BasicTypeRegistry     : Adding type registration java.util.UUID -> org.hibernate.type.UUIDBinaryType@304d0259
2018-05-18 13:15:57.310 DEBUG 17872 --- [main] org.hibernate.type.BasicTypeRegistry     : Adding type registration uuid-char -> org.hibernate.type.UUIDCharType@6c9320c2
2018-05-18 13:15:57.313 DEBUG 17872 --- [main] org.hibernate.type.BasicTypeRegistry     : Adding type registration binary -> org.hibernate.type.BinaryType@68d651f2
2018-05-18 13:15:57.313 DEBUG 17872 --- [main] org.hibernate.type.BasicTypeRegistry     : Adding type registration byte[] -> org.hibernate.type.BinaryType@68d651f2
2018-05-18 13:15:57.314 DEBUG 17872 --- [main] org.hibernate.type.BasicTypeRegistry     : Adding type registration [B -> org.hibernate.type.BinaryType@68d651f2
2018-05-18 13:15:57.318 DEBUG 17872 --- [main] org.hibernate.type.BasicTypeRegistry     : Adding type registration wrapper-binary -> org.hibernate.type.WrapperBinaryType@f91da5e
2018-05-18 13:15:57.319 DEBUG 17872 --- [main] org.hibernate.type.BasicTypeRegistry     : Adding type registration Byte[] -> org.hibernate.type.WrapperBinaryType@f91da5e
2018-05-18 13:15:57.320 DEBUG 17872 --- [main] org.hibernate.type.BasicTypeRegistry     : Adding type registration [Ljava.lang.Byte; -> org.hibernate.type.WrapperBinaryType@f91da5e
2018-05-18 13:15:57.333 DEBUG 17872 --- [main] org.hibernate.type.BasicTypeRegistry     : Adding type registration row_version -> org.hibernate.type.RowVersionType@14823f76
2018-05-18 13:15:57.335 DEBUG 17872 --- [main] org.hibernate.type.BasicTypeRegistry     : Adding type registration image -> org.hibernate.type.ImageType@1c7f96b1
2018-05-18 13:15:57.339 DEBUG 17872 --- [main] org.hibernate.type.BasicTypeRegistry     : Adding type registration characters -> org.hibernate.type.CharArrayType@4f66ffc8
2018-05-18 13:15:57.339 DEBUG 17872 --- [main] org.hibernate.type.BasicTypeRegistry     : Adding type registration char[] -> org.hibernate.type.CharArrayType@4f66ffc8
2018-05-18 13:15:57.339 DEBUG 17872 --- [main] org.hibernate.type.BasicTypeRegistry     : Adding type registration [C -> org.hibernate.type.CharArrayType@4f66ffc8
2018-05-18 13:15:57.341 DEBUG 17872 --- [main] org.hibernate.type.BasicTypeRegistry     : Adding type registration wrapper-characters -> org.hibernate.type.CharacterArrayType@188cbcde
2018-05-18 13:15:57.341 DEBUG 17872 --- [main] org.hibernate.type.BasicTypeRegistry     : Adding type registration [Ljava.lang.Character; -> org.hibernate.type.CharacterArrayType@188cbcde
2018-05-18 13:15:57.341 DEBUG 17872 --- [main] org.hibernate.type.BasicTypeRegistry     : Adding type registration Character[] -> org.hibernate.type.CharacterArrayType@188cbcde
2018-05-18 13:15:57.342 DEBUG 17872 --- [main] org.hibernate.type.BasicTypeRegistry     : Adding type registration text -> org.hibernate.type.TextType@35267fd4
2018-05-18 13:15:57.344 DEBUG 17872 --- [main] org.hibernate.type.BasicTypeRegistry     : Adding type registration ntext -> org.hibernate.type.NTextType@9b21bd3
2018-05-18 13:15:57.394 DEBUG 17872 --- [main] org.hibernate.type.BasicTypeRegistry     : Adding type registration blob -> org.hibernate.type.BlobType@288ca5f0
2018-05-18 13:15:57.395 DEBUG 17872 --- [main] org.hibernate.type.BasicTypeRegistry     : Adding type registration java.sql.Blob -> org.hibernate.type.BlobType@288ca5f0
2018-05-18 13:15:57.396 DEBUG 17872 --- [main] org.hibernate.type.BasicTypeRegistry     : Adding type registration materialized_blob -> org.hibernate.type.MaterializedBlobType@6c008c24
2018-05-18 13:15:57.411 DEBUG 17872 --- [main] org.hibernate.type.BasicTypeRegistry     : Adding type registration clob -> org.hibernate.type.ClobType@1bc0d349
2018-05-18 13:15:57.411 DEBUG 17872 --- [main] org.hibernate.type.BasicTypeRegistry     : Adding type registration java.sql.Clob -> org.hibernate.type.ClobType@1bc0d349
2018-05-18 13:15:57.423 DEBUG 17872 --- [main] org.hibernate.type.BasicTypeRegistry     : Adding type registration nclob -> org.hibernate.type.NClobType@de8039f
2018-05-18 13:15:57.423 DEBUG 17872 --- [main] org.hibernate.type.BasicTypeRegistry     : Adding type registration java.sql.NClob -> org.hibernate.type.NClobType@de8039f
2018-05-18 13:15:57.426 DEBUG 17872 --- [main] org.hibernate.type.BasicTypeRegistry     : Adding type registration materialized_clob -> org.hibernate.type.MaterializedClobType@64984b0f
2018-05-18 13:15:57.428 DEBUG 17872 --- [main] org.hibernate.type.BasicTypeRegistry     : Adding type registration materialized_nclob -> org.hibernate.type.MaterializedNClobType@58ff8d79
2018-05-18 13:15:57.441 DEBUG 17872 --- [main] org.hibernate.type.BasicTypeRegistry     : Adding type registration serializable -> org.hibernate.type.SerializableType@62db3891
2018-05-18 13:15:57.449 DEBUG 17872 --- [main] org.hibernate.type.BasicTypeRegistry     : Adding type registration object -> org.hibernate.type.ObjectType@30364216
2018-05-18 13:15:57.449 DEBUG 17872 --- [main] org.hibernate.type.BasicTypeRegistry     : Adding type registration java.lang.Object -> org.hibernate.type.ObjectType@30364216
2018-05-18 13:15:57.451 DEBUG 17872 --- [main] org.hibernate.type.BasicTypeRegistry     : Adding type registration imm_date -> org.hibernate.type.AdaptedImmutableType@78d6447a
2018-05-18 13:15:57.451 DEBUG 17872 --- [main] org.hibernate.type.BasicTypeRegistry     : Adding type registration imm_time -> org.hibernate.type.AdaptedImmutableType@7a729f84
2018-05-18 13:15:57.451 DEBUG 17872 --- [main] org.hibernate.type.BasicTypeRegistry     : Adding type registration imm_timestamp -> org.hibernate.type.AdaptedImmutableType@1e469dfd
2018-05-18 13:15:57.451 DEBUG 17872 --- [main] org.hibernate.type.BasicTypeRegistry     : Adding type registration imm_dbtimestamp -> org.hibernate.type.AdaptedImmutableType@554f0dfb
2018-05-18 13:15:57.451 DEBUG 17872 --- [main] org.hibernate.type.BasicTypeRegistry     : Adding type registration imm_calendar -> org.hibernate.type.AdaptedImmutableType@1f7076bc
2018-05-18 13:15:57.451 DEBUG 17872 --- [main] org.hibernate.type.BasicTypeRegistry     : Adding type registration imm_calendar_date -> org.hibernate.type.AdaptedImmutableType@71904469
2018-05-18 13:15:57.451 DEBUG 17872 --- [main] org.hibernate.type.BasicTypeRegistry     : Adding type registration imm_binary -> org.hibernate.type.AdaptedImmutableType@5b9396d3
2018-05-18 13:15:57.451 DEBUG 17872 --- [main] org.hibernate.type.BasicTypeRegistry     : Adding type registration imm_serializable -> org.hibernate.type.AdaptedImmutableType@761e788f
2018-05-18 13:15:57.517  INFO 17872 --- [main] org.hibernate.dialect.Dialect            : HHH000400: Using dialect: org.hibernate.dialect.HSQLDialect
2018-05-18 13:15:58.584 TRACE 17872 --- [main] org.hibernate.type.TypeFactory           : Scoping types to session factory org.hibernate.internal.SessionFactoryImpl@777d191f
2018-05-18 13:15:59.670  INFO 17872 --- [main] o.h.t.schema.internal.SchemaCreatorImpl  : HHH000476: Executing import script 'org.hibernate.tool.schema.internal.exec.ScriptSourceInputNonExistentImpl@3281dfc2'
2018-05-18 13:15:59.675  INFO 17872 --- [main] j.LocalContainerEntityManagerFactoryBean : Initialized JPA EntityManagerFactory for persistence unit 'default'
2018-05-18 13:16:01.551  INFO 17872 --- [main] o.s.w.s.handler.SimpleUrlHandlerMapping  : Mapped URL path [/**/favicon.ico] onto handler of type [class org.springframework.web.servlet.resource.ResourceHttpRequestHandler]
2018-05-18 13:16:02.604  INFO 17872 --- [main] s.w.s.m.m.a.RequestMappingHandlerAdapter : Looking for @ControllerAdvice: org.springframework.web.context.support.GenericWebApplicationContext@769a1df5: startup date [Fri May 18 13:15:49 EDT 2018]; root of context hierarchy
2018-05-18 13:16:02.779  WARN 17872 --- [main] aWebConfiguration$JpaWebMvcConfiguration : spring.jpa.open-in-view is enabled by default. Therefore, database queries may be performed during view rendering. Explicitly configure spring.jpa.open-in-view to disable this warning
2018-05-18 13:16:02.927  INFO 17872 --- [main] s.w.s.m.m.a.RequestMappingHandlerMapping : Mapped "{[/convert],methods=[GET]}" onto public java.lang.String me.ankit.zooplus.controller.ConvertController.newUser()
2018-05-18 13:16:02.939  INFO 17872 --- [main] s.w.s.m.m.a.RequestMappingHandlerMapping : Mapped "{[/home]}" onto public java.lang.String me.ankit.zooplus.controller.HomeController.home()
2018-05-18 13:16:02.941  INFO 17872 --- [main] s.w.s.m.m.a.RequestMappingHandlerMapping : Mapped "{[/login || /]}" onto public java.lang.String me.ankit.zooplus.controller.LoginController.registerUser()
2018-05-18 13:16:02.945  INFO 17872 --- [main] s.w.s.m.m.a.RequestMappingHandlerMapping : Mapped "{[/register],methods=[GET]}" onto public java.lang.String me.ankit.zooplus.controller.RegisterController.newUser()
2018-05-18 13:16:02.949  INFO 17872 --- [main] s.w.s.m.m.a.RequestMappingHandlerMapping : Mapped "{[/register],methods=[POST]}" onto public java.lang.String me.ankit.zooplus.controller.RegisterController.registeredUser(me.ankit.zooplus.Entity.Users)
2018-05-18 13:16:02.952  INFO 17872 --- [main] s.w.s.m.m.a.RequestMappingHandlerMapping : Mapped "{[/users],methods=[GET]}" onto public java.lang.String me.ankit.zooplus.controller.UserController.getAllUsers(org.springframework.ui.Model)
2018-05-18 13:16:02.981  INFO 17872 --- [main] s.w.s.m.m.a.RequestMappingHandlerMapping : Mapped "{[/error]}" onto public org.springframework.http.ResponseEntity<java.util.Map<java.lang.String, java.lang.Object>> org.springframework.boot.autoconfigure.web.servlet.error.BasicErrorController.error(javax.servlet.http.HttpServletRequest)
2018-05-18 13:16:02.983  INFO 17872 --- [main] s.w.s.m.m.a.RequestMappingHandlerMapping : Mapped "{[/error],produces=[text/html]}" onto public org.springframework.web.servlet.ModelAndView org.springframework.boot.autoconfigure.web.servlet.error.BasicErrorController.errorHtml(javax.servlet.http.HttpServletRequest,javax.servlet.http.HttpServletResponse)
2018-05-18 13:16:03.080  INFO 17872 --- [main] o.s.w.s.handler.SimpleUrlHandlerMapping  : Mapped URL path [/webjars/**] onto handler of type [class org.springframework.web.servlet.resource.ResourceHttpRequestHandler]
2018-05-18 13:16:03.081  INFO 17872 --- [main] o.s.w.s.handler.SimpleUrlHandlerMapping  : Mapped URL path [/**] onto handler of type [class org.springframework.web.servlet.resource.ResourceHttpRequestHandler]
2018-05-18 13:16:04.301  INFO 17872 --- [main] me.ankit.zooplus.ILogging                : DevBootstrap:onApplicationEvent
2018-05-18 13:16:04.303  INFO 17872 --- [main] me.ankit.zooplus.ILogging                : DevBootstrap:init
2018-05-18 13:16:04.588 TRACE 17872 --- [main] o.h.type.descriptor.sql.BasicBinder      : binding parameter [1] as [VARCHAR] - [email]
2018-05-18 13:16:04.589 TRACE 17872 --- [main] o.h.type.descriptor.sql.BasicBinder      : binding parameter [2] as [VARCHAR] - [20180518_131604]
2018-05-18 13:16:04.590 TRACE 17872 --- [main] o.h.type.descriptor.sql.BasicBinder      : binding parameter [3] as [VARCHAR] - [password]
2018-05-18 13:16:04.591 TRACE 17872 --- [main] o.h.type.descriptor.sql.BasicBinder      : binding parameter [4] as [INTEGER] - [1]
2018-05-18 13:16:04.592 TRACE 17872 --- [main] o.h.type.descriptor.sql.BasicBinder      : binding parameter [5] as [BIGINT] - [1]
2018-05-18 13:16:04.600 TRACE 17872 --- [main] o.h.type.descriptor.sql.BasicBinder      : binding parameter [1] as [VARCHAR] - [email-pinki]
2018-05-18 13:16:04.601 TRACE 17872 --- [main] o.h.type.descriptor.sql.BasicBinder      : binding parameter [2] as [VARCHAR] - [20180518_131604]
2018-05-18 13:16:04.602 TRACE 17872 --- [main] o.h.type.descriptor.sql.BasicBinder      : binding parameter [3] as [VARCHAR] - [password-pinki]
2018-05-18 13:16:04.602 TRACE 17872 --- [main] o.h.type.descriptor.sql.BasicBinder      : binding parameter [4] as [INTEGER] - [1]
2018-05-18 13:16:04.602 TRACE 17872 --- [main] o.h.type.descriptor.sql.BasicBinder      : binding parameter [5] as [BIGINT] - [2]
2018-05-18 13:16:04.612  INFO 17872 --- [main] me.ankit.zooplus.logTest                 : Started logTest in 16.135 seconds (JVM running for 20.357)
2018-05-18 13:16:05.205  INFO 17872 --- [main] me.ankit.zooplus.ILogging                : logTest: Hello this is an info message
2018-05-18 13:16:05.220  INFO 17872 --- [main] .b.t.c.SpringBootTestContextBootstrapper : Neither @ContextConfiguration nor @ContextHierarchy found for test class [me.ankit.zooplus.ZooplusApplicationTests], using SpringBootContextLoader
2018-05-18 13:16:05.223  INFO 17872 --- [main] o.s.t.c.support.AbstractContextLoader    : Could not detect default resource locations for test class [me.ankit.zooplus.ZooplusApplicationTests]: no resource found for suffixes {-context.xml, Context.groovy}.
2018-05-18 13:16:05.223  INFO 17872 --- [main] t.c.s.AnnotationConfigContextLoaderUtils : Could not detect default configuration classes for test class [me.ankit.zooplus.ZooplusApplicationTests]: ZooplusApplicationTests does not declare any static, non-private, non-final, nested classes annotated with @Configuration.
2018-05-18 13:16:05.229  INFO 17872 --- [main] .b.t.c.SpringBootTestContextBootstrapper : Found @SpringBootConfiguration me.ankit.zooplus.ZooplusApplication for test class me.ankit.zooplus.ZooplusApplicationTests
2018-05-18 13:16:05.235  INFO 17872 --- [main] .b.t.c.SpringBootTestContextBootstrapper : Loaded default TestExecutionListener class names from location [META-INF/spring.factories]: [org.springframework.boot.test.mock.mockito.MockitoTestExecutionListener, org.springframework.boot.test.mock.mockito.ResetMocksTestExecutionListener, org.springframework.boot.test.autoconfigure.restdocs.RestDocsTestExecutionListener, org.springframework.boot.test.autoconfigure.web.client.MockRestServiceServerResetTestExecutionListener, org.springframework.boot.test.autoconfigure.web.servlet.MockMvcPrintOnlyOnFailureTestExecutionListener, org.springframework.boot.test.autoconfigure.web.servlet.WebDriverTestExecutionListener, org.springframework.test.context.web.ServletTestExecutionListener, org.springframework.test.context.support.DirtiesContextBeforeModesTestExecutionListener, org.springframework.test.context.support.DependencyInjectionTestExecutionListener, org.springframework.test.context.support.DirtiesContextTestExecutionListener, org.springframework.test.context.transaction.TransactionalTestExecutionListener, org.springframework.test.context.jdbc.SqlScriptsTestExecutionListener]
2018-05-18 13:16:05.236  INFO 17872 --- [main] .b.t.c.SpringBootTestContextBootstrapper : Using TestExecutionListeners: [org.springframework.test.context.web.ServletTestExecutionListener@1412682c, org.springframework.test.context.support.DirtiesContextBeforeModesTestExecutionListener@53bb71e5, org.springframework.boot.test.mock.mockito.MockitoTestExecutionListener@54a056e4, org.springframework.boot.test.autoconfigure.SpringBootDependencyInjectionTestExecutionListener@15994b0b, org.springframework.test.context.support.DirtiesContextTestExecutionListener@12cd129c, org.springframework.test.context.transaction.TransactionalTestExecutionListener@1a717d79, org.springframework.test.context.jdbc.SqlScriptsTestExecutionListener@4cb00fa5, org.springframework.boot.test.mock.mockito.ResetMocksTestExecutionListener@13aed42b, org.springframework.boot.test.autoconfigure.restdocs.RestDocsTestExecutionListener@698d6d30, org.springframework.boot.test.autoconfigure.web.client.MockRestServiceServerResetTestExecutionListener@78065fcd, org.springframework.boot.test.autoconfigure.web.servlet.MockMvcPrintOnlyOnFailureTestExecutionListener@3407aa4f, org.springframework.boot.test.autoconfigure.web.servlet.WebDriverTestExecutionListener@51ed2f68]
2018-05-18 13:16:05.253  INFO 17872 --- [main] me.ankit.zooplus.ILogging                : ZooplusApplicationTests :Hello this is an info message
2018-05-18 13:16:05.703  INFO 17872 --- [Thread-4] o.s.w.c.s.GenericWebApplicationContext   : Closing org.springframework.web.context.support.GenericWebApplicationContext@769a1df5: startup date [Fri May 18 13:15:49 EDT 2018]; root of context hierarchy
2018-05-18 13:16:05.709  INFO 17872 --- [Thread-4] j.LocalContainerEntityManagerFactoryBean : Closing JPA EntityManagerFactory for persistence unit 'default'
2018-05-18 13:16:05.712  INFO 17872 --- [Thread-4] com.zaxxer.hikari.HikariDataSource       : HikariPool-1 - Shutdown initiated...
2018-05-18 13:16:05.756  INFO 17872 --- [Thread-4] com.zaxxer.hikari.HikariDataSource       : HikariPool-1 - Shutdown completed.
2018-05-18 13:16:14.463  INFO 17356 --- [main] me.ankit.zooplus.ZooplusApplication      : Starting ZooplusApplication v0.0.1-SNAPSHOT on T60841YJKP32 with PID 17356 (C:\___\java\zooplus-SpringBoot\zooplus\target\zooplus-0.0.1-SNAPSHOT.jar started by bhurata in C:\___\java\zooplus-SpringBoot\zooplus)
2018-05-18 13:16:14.477  INFO 17356 --- [main] me.ankit.zooplus.ZooplusApplication      : No active profile set, falling back to default profiles: default
2018-05-18 13:16:14.664  INFO 17356 --- [main] ConfigServletWebServerApplicationContext : Refreshing org.springframework.boot.web.servlet.context.AnnotationConfigServletWebServerApplicationContext@270421f5: startup date [Fri May 18 13:16:14 EDT 2018]; root of context hierarchy
2018-05-18 13:16:17.662  INFO 17356 --- [main] trationDelegate$BeanPostProcessorChecker : Bean 'org.springframework.transaction.annotation.ProxyTransactionManagementConfiguration' of type [org.springframework.transaction.annotation.ProxyTransactionManagementConfiguration$$EnhancerBySpringCGLIB$$4de284a6] is not eligible for getting processed by all BeanPostProcessors (for example: not eligible for auto-proxying)
2018-05-18 13:16:18.528  INFO 17356 --- [main] o.s.b.w.embedded.tomcat.TomcatWebServer  : Tomcat initialized with port(s): 8080 (http)
2018-05-18 13:16:18.613  INFO 17356 --- [main] o.apache.catalina.core.StandardService   : Starting service [Tomcat]
2018-05-18 13:16:18.614  INFO 17356 --- [main] org.apache.catalina.core.StandardEngine  : Starting Servlet Engine: Apache Tomcat/8.5.29
2018-05-18 13:16:18.653  INFO 17356 --- [localhost-startStop-1] o.a.catalina.core.AprLifecycleListener   : The APR based Apache Tomcat Native library which allows optimal performance in production environments was not found on the java.library.path: [C:\Program Files\Java\jdk1.8.0_71\jre\bin;C:\WINDOWS\Sun\Java\bin;C:\WINDOWS\system32;C:\WINDOWS;C:/Program Files/Java/jdk1.8.0_71/jre/bin/server;C:/Program Files/Java/jdk1.8.0_71/jre/bin;C:/Program Files/Java/jdk1.8.0_71/jre/lib/amd64;C:\oracle\Client_11_2\bin\;C:\Oracle\x64Client_11_2_1\bin;JAVA_HOME;C:\ProgramData\Oracle\Java\javapath;C:\Program Files (x86)\RSA SecurID Token Common;C:\Program Files\Common Files\Microsoft Shared\Microsoft Online Services;C:\Program Files (x86)\Common Files\Microsoft Shared\Microsoft Online Services;C:\WINDOWS\system32;C:\WINDOWS;C:\WINDOWS\System32\Wbem;C:\WINDOWS\System32\WindowsPowerShell\v1.0\;C:\WINDOWS\System32\WindowsPowerShell\v1.0\;C:\Program Files\TortoiseSVN\bin;C:\ant\ant_bin;C:\ant\ant_bin/bin;C:\Program Files\SlikSvn\bin\;C:\Program Files (x86)\Smart Projects\IsoBuster;C:\Program Files (x86)\Windows Kits\8.1\Windows Performance Toolkit\;C:\Program Files\Microsoft SQL Server\110\Tools\Binn\;C:\Program Files (x86)\Microsoft SDKs\TypeScript\1.0\;C:\Program Files\Microsoft SQL Server\120\Tools\Binn\;C:\Program Files\Java\jdk1.8.0_71\bin\;C:\Program Files (x86)\Microsoft SQL Server\110\Tools\Binn\;C:\Program Files\Microsoft SQL Server\110\DTS\Binn\;C:\Program Files (x86)\Microsoft SQL Server\110\Tools\Binn\ManagementStudio\;C:\Program Files (x86)\Microsoft Visual Studio 10.0\Common7\IDE\PrivateAssemblies\;C:\Program Files (x86)\Microsoft SQL Server\110\DTS\Binn\;C:\Program Files\Intel\WiFi\bin\;C:\Program Files\Common Files\Intel\WirelessCommon\;C:\Program Files\nodejs\;C:\Program Files\Git\cmd;C:\Program Files\1E\NomadBranch\;C:\Program Files\apache-maven-3.5.3\bin;C:\Users\bhurata\AppData\Local\Programs\Python\Python36-32\Scripts\;C:\Users\bhurata\AppData\Local\Programs\Python\Python36-32\;C:\Users\bhurata\AppData\Roaming\npm;C:\Users\bhurata\AppData\Local\Microsoft\WindowsApps;C:\WINDOWS\system32;;.]
2018-05-18 13:16:18.969  INFO 17356 --- [localhost-startStop-1] o.a.c.c.C.[Tomcat].[localhost].[/]       : Initializing Spring embedded WebApplicationContext
2018-05-18 13:16:18.973  INFO 17356 --- [localhost-startStop-1] o.s.web.context.ContextLoader            : Root WebApplicationContext: initialization completed in 4309 ms
2018-05-18 13:16:19.421  INFO 17356 --- [localhost-startStop-1] o.s.b.w.servlet.ServletRegistrationBean  : Servlet dispatcherServlet mapped to [/]
2018-05-18 13:16:19.438  INFO 17356 --- [localhost-startStop-1] o.s.b.w.servlet.FilterRegistrationBean   : Mapping filter: 'characterEncodingFilter' to: [/*]
2018-05-18 13:16:19.439  INFO 17356 --- [localhost-startStop-1] o.s.b.w.servlet.FilterRegistrationBean   : Mapping filter: 'hiddenHttpMethodFilter' to: [/*]
2018-05-18 13:16:19.473  INFO 17356 --- [localhost-startStop-1] o.s.b.w.servlet.FilterRegistrationBean   : Mapping filter: 'httpPutFormContentFilter' to: [/*]
2018-05-18 13:16:19.480  INFO 17356 --- [localhost-startStop-1] o.s.b.w.servlet.FilterRegistrationBean   : Mapping filter: 'requestContextFilter' to: [/*]
2018-05-18 13:16:20.331  INFO 17356 --- [main] com.zaxxer.hikari.HikariDataSource       : HikariPool-1 - Starting...
2018-05-18 13:16:20.874  INFO 17356 --- [main] hsqldb.db.HSQLDB634B08CCE6.ENGINE        : checkpointClose start
2018-05-18 13:16:20.874  INFO 17356 --- [main] hsqldb.db.HSQLDB634B08CCE6.ENGINE        : checkpointClose synched
2018-05-18 13:16:20.904  INFO 17356 --- [main] hsqldb.db.HSQLDB634B08CCE6.ENGINE        : checkpointClose script done
2018-05-18 13:16:20.969  INFO 17356 --- [main] hsqldb.db.HSQLDB634B08CCE6.ENGINE        : checkpointClose end
2018-05-18 13:16:20.975  INFO 17356 --- [main] com.zaxxer.hikari.pool.PoolBase          : HikariPool-1 - Driver does not support get/set network timeout for connections. (feature not supported)
2018-05-18 13:16:20.981  INFO 17356 --- [main] com.zaxxer.hikari.HikariDataSource       : HikariPool-1 - Start completed.
2018-05-18 13:16:21.110  INFO 17356 --- [main] j.LocalContainerEntityManagerFactoryBean : Building JPA container EntityManagerFactory for persistence unit 'default'
2018-05-18 13:16:21.164  INFO 17356 --- [main] o.hibernate.jpa.internal.util.LogHelper  : HHH000204: Processing PersistenceUnitInfo [
	name: default
	...]
2018-05-18 13:16:21.438  INFO 17356 --- [main] org.hibernate.Version                    : HHH000412: Hibernate Core {5.2.16.Final}
2018-05-18 13:16:21.441  INFO 17356 --- [main] org.hibernate.cfg.Environment            : HHH000206: hibernate.properties not found
2018-05-18 13:16:21.606  INFO 17356 --- [main] o.hibernate.annotations.common.Version   : HCANN000001: Hibernate Commons Annotations {5.0.1.Final}
2018-05-18 13:16:22.002 DEBUG 17356 --- [main] org.hibernate.type.BasicTypeRegistry     : Adding type registration boolean -> org.hibernate.type.BooleanType@7748410a
2018-05-18 13:16:22.007 DEBUG 17356 --- [main] org.hibernate.type.BasicTypeRegistry     : Adding type registration boolean -> org.hibernate.type.BooleanType@7748410a
2018-05-18 13:16:22.007 DEBUG 17356 --- [main] org.hibernate.type.BasicTypeRegistry     : Adding type registration java.lang.Boolean -> org.hibernate.type.BooleanType@7748410a
2018-05-18 13:16:22.008 DEBUG 17356 --- [main] org.hibernate.type.BasicTypeRegistry     : Adding type registration numeric_boolean -> org.hibernate.type.NumericBooleanType@740773a3
2018-05-18 13:16:22.009 DEBUG 17356 --- [main] org.hibernate.type.BasicTypeRegistry     : Adding type registration true_false -> org.hibernate.type.TrueFalseType@37f1104d
2018-05-18 13:16:22.010 DEBUG 17356 --- [main] org.hibernate.type.BasicTypeRegistry     : Adding type registration yes_no -> org.hibernate.type.YesNoType@55740540
2018-05-18 13:16:22.012 DEBUG 17356 --- [main] org.hibernate.type.BasicTypeRegistry     : Adding type registration byte -> org.hibernate.type.ByteType@60015ef5
2018-05-18 13:16:22.012 DEBUG 17356 --- [main] org.hibernate.type.BasicTypeRegistry     : Adding type registration byte -> org.hibernate.type.ByteType@60015ef5
2018-05-18 13:16:22.012 DEBUG 17356 --- [main] org.hibernate.type.BasicTypeRegistry     : Adding type registration java.lang.Byte -> org.hibernate.type.ByteType@60015ef5
2018-05-18 13:16:22.013 DEBUG 17356 --- [main] org.hibernate.type.BasicTypeRegistry     : Adding type registration character -> org.hibernate.type.CharacterType@2f54a33d
2018-05-18 13:16:22.014 DEBUG 17356 --- [main] org.hibernate.type.BasicTypeRegistry     : Adding type registration char -> org.hibernate.type.CharacterType@2f54a33d
2018-05-18 13:16:22.014 DEBUG 17356 --- [main] org.hibernate.type.BasicTypeRegistry     : Adding type registration java.lang.Character -> org.hibernate.type.CharacterType@2f54a33d
2018-05-18 13:16:22.018 DEBUG 17356 --- [main] org.hibernate.type.BasicTypeRegistry     : Adding type registration short -> org.hibernate.type.ShortType@1018bde2
2018-05-18 13:16:22.019 DEBUG 17356 --- [main] org.hibernate.type.BasicTypeRegistry     : Adding type registration short -> org.hibernate.type.ShortType@1018bde2
2018-05-18 13:16:22.020 DEBUG 17356 --- [main] org.hibernate.type.BasicTypeRegistry     : Adding type registration java.lang.Short -> org.hibernate.type.ShortType@1018bde2
2018-05-18 13:16:22.021 DEBUG 17356 --- [main] org.hibernate.type.BasicTypeRegistry     : Adding type registration integer -> org.hibernate.type.IntegerType@65b3f4a4
2018-05-18 13:16:22.022 DEBUG 17356 --- [main] org.hibernate.type.BasicTypeRegistry     : Adding type registration int -> org.hibernate.type.IntegerType@65b3f4a4
2018-05-18 13:16:22.022 DEBUG 17356 --- [main] org.hibernate.type.BasicTypeRegistry     : Adding type registration java.lang.Integer -> org.hibernate.type.IntegerType@65b3f4a4
2018-05-18 13:16:22.023 DEBUG 17356 --- [main] org.hibernate.type.BasicTypeRegistry     : Adding type registration long -> org.hibernate.type.LongType@f2ff811
2018-05-18 13:16:22.024 DEBUG 17356 --- [main] org.hibernate.type.BasicTypeRegistry     : Adding type registration long -> org.hibernate.type.LongType@f2ff811
2018-05-18 13:16:22.024 DEBUG 17356 --- [main] org.hibernate.type.BasicTypeRegistry     : Adding type registration java.lang.Long -> org.hibernate.type.LongType@f2ff811
2018-05-18 13:16:22.025 DEBUG 17356 --- [main] org.hibernate.type.BasicTypeRegistry     : Adding type registration float -> org.hibernate.type.FloatType@568ff82
2018-05-18 13:16:22.026 DEBUG 17356 --- [main] org.hibernate.type.BasicTypeRegistry     : Adding type registration float -> org.hibernate.type.FloatType@568ff82
2018-05-18 13:16:22.027 DEBUG 17356 --- [main] org.hibernate.type.BasicTypeRegistry     : Adding type registration java.lang.Float -> org.hibernate.type.FloatType@568ff82
2018-05-18 13:16:22.028 DEBUG 17356 --- [main] org.hibernate.type.BasicTypeRegistry     : Adding type registration double -> org.hibernate.type.DoubleType@50caa560
2018-05-18 13:16:22.028 DEBUG 17356 --- [main] org.hibernate.type.BasicTypeRegistry     : Adding type registration double -> org.hibernate.type.DoubleType@50caa560
2018-05-18 13:16:22.029 DEBUG 17356 --- [main] org.hibernate.type.BasicTypeRegistry     : Adding type registration java.lang.Double -> org.hibernate.type.DoubleType@50caa560
2018-05-18 13:16:22.030 DEBUG 17356 --- [main] org.hibernate.type.BasicTypeRegistry     : Adding type registration big_decimal -> org.hibernate.type.BigDecimalType@2a266d09
2018-05-18 13:16:22.033 DEBUG 17356 --- [main] org.hibernate.type.BasicTypeRegistry     : Adding type registration java.math.BigDecimal -> org.hibernate.type.BigDecimalType@2a266d09
2018-05-18 13:16:22.035 DEBUG 17356 --- [main] org.hibernate.type.BasicTypeRegistry     : Adding type registration big_integer -> org.hibernate.type.BigIntegerType@5ab9e72c
2018-05-18 13:16:22.035 DEBUG 17356 --- [main] org.hibernate.type.BasicTypeRegistry     : Adding type registration java.math.BigInteger -> org.hibernate.type.BigIntegerType@5ab9e72c
2018-05-18 13:16:22.037 DEBUG 17356 --- [main] org.hibernate.type.BasicTypeRegistry     : Adding type registration string -> org.hibernate.type.StringType@186f8716
2018-05-18 13:16:22.037 DEBUG 17356 --- [main] org.hibernate.type.BasicTypeRegistry     : Adding type registration java.lang.String -> org.hibernate.type.StringType@186f8716
2018-05-18 13:16:22.038 DEBUG 17356 --- [main] org.hibernate.type.BasicTypeRegistry     : Adding type registration nstring -> org.hibernate.type.StringNVarcharType@1d8bd0de
2018-05-18 13:16:22.039 DEBUG 17356 --- [main] org.hibernate.type.BasicTypeRegistry     : Adding type registration ncharacter -> org.hibernate.type.CharacterNCharType@45ca843
2018-05-18 13:16:22.040 DEBUG 17356 --- [main] org.hibernate.type.BasicTypeRegistry     : Adding type registration url -> org.hibernate.type.UrlType@11c9af63
2018-05-18 13:16:22.041 DEBUG 17356 --- [main] org.hibernate.type.BasicTypeRegistry     : Adding type registration java.net.URL -> org.hibernate.type.UrlType@11c9af63
2018-05-18 13:16:22.042 DEBUG 17356 --- [main] org.hibernate.type.BasicTypeRegistry     : Adding type registration Duration -> org.hibernate.type.DurationType@757acd7b
2018-05-18 13:16:22.042 DEBUG 17356 --- [main] org.hibernate.type.BasicTypeRegistry     : Adding type registration java.time.Duration -> org.hibernate.type.DurationType@757acd7b
2018-05-18 13:16:22.044 DEBUG 17356 --- [main] org.hibernate.type.BasicTypeRegistry     : Adding type registration Instant -> org.hibernate.type.InstantType@36b4fe2a
2018-05-18 13:16:22.044 DEBUG 17356 --- [main] org.hibernate.type.BasicTypeRegistry     : Adding type registration java.time.Instant -> org.hibernate.type.InstantType@36b4fe2a
2018-05-18 13:16:22.045 DEBUG 17356 --- [main] org.hibernate.type.BasicTypeRegistry     : Adding type registration LocalDateTime -> org.hibernate.type.LocalDateTimeType@574b560f
2018-05-18 13:16:22.046 DEBUG 17356 --- [main] org.hibernate.type.BasicTypeRegistry     : Adding type registration java.time.LocalDateTime -> org.hibernate.type.LocalDateTimeType@574b560f
2018-05-18 13:16:22.051 DEBUG 17356 --- [main] org.hibernate.type.BasicTypeRegistry     : Adding type registration LocalDate -> org.hibernate.type.LocalDateType@ba54932
2018-05-18 13:16:22.195 DEBUG 17356 --- [main] org.hibernate.type.BasicTypeRegistry     : Adding type registration java.time.LocalDate -> org.hibernate.type.LocalDateType@ba54932
2018-05-18 13:16:22.274 DEBUG 17356 --- [main] org.hibernate.type.BasicTypeRegistry     : Adding type registration LocalTime -> org.hibernate.type.LocalTimeType@28975c28
2018-05-18 13:16:22.274 DEBUG 17356 --- [main] org.hibernate.type.BasicTypeRegistry     : Adding type registration java.time.LocalTime -> org.hibernate.type.LocalTimeType@28975c28
2018-05-18 13:16:22.278 DEBUG 17356 --- [main] org.hibernate.type.BasicTypeRegistry     : Adding type registration OffsetDateTime -> org.hibernate.type.OffsetDateTimeType@3943a2be
2018-05-18 13:16:22.278 DEBUG 17356 --- [main] org.hibernate.type.BasicTypeRegistry     : Adding type registration java.time.OffsetDateTime -> org.hibernate.type.OffsetDateTimeType@3943a2be
2018-05-18 13:16:22.280 DEBUG 17356 --- [main] org.hibernate.type.BasicTypeRegistry     : Adding type registration OffsetTime -> org.hibernate.type.OffsetTimeType@343570b7
2018-05-18 13:16:22.280 DEBUG 17356 --- [main] org.hibernate.type.BasicTypeRegistry     : Adding type registration java.time.OffsetTime -> org.hibernate.type.OffsetTimeType@343570b7
2018-05-18 13:16:22.283 DEBUG 17356 --- [main] org.hibernate.type.BasicTypeRegistry     : Adding type registration ZonedDateTime -> org.hibernate.type.ZonedDateTimeType@5552768b
2018-05-18 13:16:22.283 DEBUG 17356 --- [main] org.hibernate.type.BasicTypeRegistry     : Adding type registration java.time.ZonedDateTime -> org.hibernate.type.ZonedDateTimeType@5552768b
2018-05-18 13:16:22.292 DEBUG 17356 --- [main] org.hibernate.type.BasicTypeRegistry     : Adding type registration date -> org.hibernate.type.DateType@3c947bc5
2018-05-18 13:16:22.293 DEBUG 17356 --- [main] org.hibernate.type.BasicTypeRegistry     : Adding type registration java.sql.Date -> org.hibernate.type.DateType@3c947bc5
2018-05-18 13:16:22.294 DEBUG 17356 --- [main] org.hibernate.type.BasicTypeRegistry     : Adding type registration time -> org.hibernate.type.TimeType@609db43b
2018-05-18 13:16:22.295 DEBUG 17356 --- [main] org.hibernate.type.BasicTypeRegistry     : Adding type registration java.sql.Time -> org.hibernate.type.TimeType@609db43b
2018-05-18 13:16:22.297 DEBUG 17356 --- [main] org.hibernate.type.BasicTypeRegistry     : Adding type registration timestamp -> org.hibernate.type.TimestampType@55f616cf
2018-05-18 13:16:22.297 DEBUG 17356 --- [main] org.hibernate.type.BasicTypeRegistry     : Adding type registration java.sql.Timestamp -> org.hibernate.type.TimestampType@55f616cf
2018-05-18 13:16:22.297 DEBUG 17356 --- [main] org.hibernate.type.BasicTypeRegistry     : Adding type registration java.util.Date -> org.hibernate.type.TimestampType@55f616cf
2018-05-18 13:16:22.298 DEBUG 17356 --- [main] org.hibernate.type.BasicTypeRegistry     : Adding type registration dbtimestamp -> org.hibernate.type.DbTimestampType@1356d4d4
2018-05-18 13:16:22.301 DEBUG 17356 --- [main] org.hibernate.type.BasicTypeRegistry     : Adding type registration calendar -> org.hibernate.type.CalendarType@c03cf28
2018-05-18 13:16:22.303 DEBUG 17356 --- [main] org.hibernate.type.BasicTypeRegistry     : Adding type registration java.util.Calendar -> org.hibernate.type.CalendarType@c03cf28
2018-05-18 13:16:22.306 DEBUG 17356 --- [main] org.hibernate.type.BasicTypeRegistry     : Adding type registration java.util.GregorianCalendar -> org.hibernate.type.CalendarType@c03cf28
2018-05-18 13:16:22.307 DEBUG 17356 --- [main] org.hibernate.type.BasicTypeRegistry     : Adding type registration calendar_date -> org.hibernate.type.CalendarDateType@1329eff
2018-05-18 13:16:22.309 DEBUG 17356 --- [main] org.hibernate.type.BasicTypeRegistry     : Adding type registration locale -> org.hibernate.type.LocaleType@6497b078
2018-05-18 13:16:22.309 DEBUG 17356 --- [main] org.hibernate.type.BasicTypeRegistry     : Adding type registration java.util.Locale -> org.hibernate.type.LocaleType@6497b078
2018-05-18 13:16:22.311 DEBUG 17356 --- [main] org.hibernate.type.BasicTypeRegistry     : Adding type registration currency -> org.hibernate.type.CurrencyType@41c2284a
2018-05-18 13:16:22.311 DEBUG 17356 --- [main] org.hibernate.type.BasicTypeRegistry     : Adding type registration java.util.Currency -> org.hibernate.type.CurrencyType@41c2284a
2018-05-18 13:16:22.313 DEBUG 17356 --- [main] org.hibernate.type.BasicTypeRegistry     : Adding type registration timezone -> org.hibernate.type.TimeZoneType@53aad5d5
2018-05-18 13:16:22.313 DEBUG 17356 --- [main] org.hibernate.type.BasicTypeRegistry     : Adding type registration java.util.TimeZone -> org.hibernate.type.TimeZoneType@53aad5d5
2018-05-18 13:16:22.314 DEBUG 17356 --- [main] org.hibernate.type.BasicTypeRegistry     : Adding type registration class -> org.hibernate.type.ClassType@46fa7c39
2018-05-18 13:16:22.322 DEBUG 17356 --- [main] org.hibernate.type.BasicTypeRegistry     : Adding type registration java.lang.Class -> org.hibernate.type.ClassType@46fa7c39
2018-05-18 13:16:22.324 DEBUG 17356 --- [main] org.hibernate.type.BasicTypeRegistry     : Adding type registration uuid-binary -> org.hibernate.type.UUIDBinaryType@1fb700ee
2018-05-18 13:16:22.324 DEBUG 17356 --- [main] org.hibernate.type.BasicTypeRegistry     : Adding type registration java.util.UUID -> org.hibernate.type.UUIDBinaryType@1fb700ee
2018-05-18 13:16:22.325 DEBUG 17356 --- [main] org.hibernate.type.BasicTypeRegistry     : Adding type registration uuid-char -> org.hibernate.type.UUIDCharType@4f67eb2a
2018-05-18 13:16:22.327 DEBUG 17356 --- [main] org.hibernate.type.BasicTypeRegistry     : Adding type registration binary -> org.hibernate.type.BinaryType@4a668b6e
2018-05-18 13:16:22.328 DEBUG 17356 --- [main] org.hibernate.type.BasicTypeRegistry     : Adding type registration byte[] -> org.hibernate.type.BinaryType@4a668b6e
2018-05-18 13:16:22.328 DEBUG 17356 --- [main] org.hibernate.type.BasicTypeRegistry     : Adding type registration [B -> org.hibernate.type.BinaryType@4a668b6e
2018-05-18 13:16:22.329 DEBUG 17356 --- [main] org.hibernate.type.BasicTypeRegistry     : Adding type registration wrapper-binary -> org.hibernate.type.WrapperBinaryType@5f683daf
2018-05-18 13:16:22.329 DEBUG 17356 --- [main] org.hibernate.type.BasicTypeRegistry     : Adding type registration Byte[] -> org.hibernate.type.WrapperBinaryType@5f683daf
2018-05-18 13:16:22.329 DEBUG 17356 --- [main] org.hibernate.type.BasicTypeRegistry     : Adding type registration [Ljava.lang.Byte; -> org.hibernate.type.WrapperBinaryType@5f683daf
2018-05-18 13:16:22.331 DEBUG 17356 --- [main] org.hibernate.type.BasicTypeRegistry     : Adding type registration row_version -> org.hibernate.type.RowVersionType@78ffe6dc
2018-05-18 13:16:22.334 DEBUG 17356 --- [main] org.hibernate.type.BasicTypeRegistry     : Adding type registration image -> org.hibernate.type.ImageType@8317c52
2018-05-18 13:16:22.335 DEBUG 17356 --- [main] org.hibernate.type.BasicTypeRegistry     : Adding type registration characters -> org.hibernate.type.CharArrayType@76f2bbc1
2018-05-18 13:16:22.336 DEBUG 17356 --- [main] org.hibernate.type.BasicTypeRegistry     : Adding type registration char[] -> org.hibernate.type.CharArrayType@76f2bbc1
2018-05-18 13:16:22.336 DEBUG 17356 --- [main] org.hibernate.type.BasicTypeRegistry     : Adding type registration [C -> org.hibernate.type.CharArrayType@76f2bbc1
2018-05-18 13:16:22.338 DEBUG 17356 --- [main] org.hibernate.type.BasicTypeRegistry     : Adding type registration wrapper-characters -> org.hibernate.type.CharacterArrayType@68e965f5
2018-05-18 13:16:22.338 DEBUG 17356 --- [main] org.hibernate.type.BasicTypeRegistry     : Adding type registration [Ljava.lang.Character; -> org.hibernate.type.CharacterArrayType@68e965f5
2018-05-18 13:16:22.338 DEBUG 17356 --- [main] org.hibernate.type.BasicTypeRegistry     : Adding type registration Character[] -> org.hibernate.type.CharacterArrayType@68e965f5
2018-05-18 13:16:22.339 DEBUG 17356 --- [main] org.hibernate.type.BasicTypeRegistry     : Adding type registration text -> org.hibernate.type.TextType@6f27a732
2018-05-18 13:16:22.340 DEBUG 17356 --- [main] org.hibernate.type.BasicTypeRegistry     : Adding type registration ntext -> org.hibernate.type.NTextType@6c779568
2018-05-18 13:16:22.352 DEBUG 17356 --- [main] org.hibernate.type.BasicTypeRegistry     : Adding type registration blob -> org.hibernate.type.BlobType@f381794
2018-05-18 13:16:22.357 DEBUG 17356 --- [main] org.hibernate.type.BasicTypeRegistry     : Adding type registration java.sql.Blob -> org.hibernate.type.BlobType@f381794
2018-05-18 13:16:22.358 DEBUG 17356 --- [main] org.hibernate.type.BasicTypeRegistry     : Adding type registration materialized_blob -> org.hibernate.type.MaterializedBlobType@2cdd0d4b
2018-05-18 13:16:22.361 DEBUG 17356 --- [main] org.hibernate.type.BasicTypeRegistry     : Adding type registration clob -> org.hibernate.type.ClobType@7e9131d5
2018-05-18 13:16:22.364 DEBUG 17356 --- [main] org.hibernate.type.BasicTypeRegistry     : Adding type registration java.sql.Clob -> org.hibernate.type.ClobType@7e9131d5
2018-05-18 13:16:22.370 DEBUG 17356 --- [main] org.hibernate.type.BasicTypeRegistry     : Adding type registration nclob -> org.hibernate.type.NClobType@2e1d27ba
2018-05-18 13:16:22.370 DEBUG 17356 --- [main] org.hibernate.type.BasicTypeRegistry     : Adding type registration java.sql.NClob -> org.hibernate.type.NClobType@2e1d27ba
2018-05-18 13:16:22.371 DEBUG 17356 --- [main] org.hibernate.type.BasicTypeRegistry     : Adding type registration materialized_clob -> org.hibernate.type.MaterializedClobType@61d6015a
2018-05-18 13:16:22.371 DEBUG 17356 --- [main] org.hibernate.type.BasicTypeRegistry     : Adding type registration materialized_nclob -> org.hibernate.type.MaterializedNClobType@2525ff7e
2018-05-18 13:16:22.373 DEBUG 17356 --- [main] org.hibernate.type.BasicTypeRegistry     : Adding type registration serializable -> org.hibernate.type.SerializableType@524d6d96
2018-05-18 13:16:22.379 DEBUG 17356 --- [main] org.hibernate.type.BasicTypeRegistry     : Adding type registration object -> org.hibernate.type.ObjectType@152aa092
2018-05-18 13:16:22.379 DEBUG 17356 --- [main] org.hibernate.type.BasicTypeRegistry     : Adding type registration java.lang.Object -> org.hibernate.type.ObjectType@152aa092
2018-05-18 13:16:22.380 DEBUG 17356 --- [main] org.hibernate.type.BasicTypeRegistry     : Adding type registration imm_date -> org.hibernate.type.AdaptedImmutableType@44a7bfbc
2018-05-18 13:16:22.380 DEBUG 17356 --- [main] org.hibernate.type.BasicTypeRegistry     : Adding type registration imm_time -> org.hibernate.type.AdaptedImmutableType@4ef37659
2018-05-18 13:16:22.380 DEBUG 17356 --- [main] org.hibernate.type.BasicTypeRegistry     : Adding type registration imm_timestamp -> org.hibernate.type.AdaptedImmutableType@776b83cc
2018-05-18 13:16:22.380 DEBUG 17356 --- [main] org.hibernate.type.BasicTypeRegistry     : Adding type registration imm_dbtimestamp -> org.hibernate.type.AdaptedImmutableType@37858383
2018-05-18 13:16:22.380 DEBUG 17356 --- [main] org.hibernate.type.BasicTypeRegistry     : Adding type registration imm_calendar -> org.hibernate.type.AdaptedImmutableType@4e268090
2018-05-18 13:16:22.380 DEBUG 17356 --- [main] org.hibernate.type.BasicTypeRegistry     : Adding type registration imm_calendar_date -> org.hibernate.type.AdaptedImmutableType@1bb266b3
2018-05-18 13:16:22.380 DEBUG 17356 --- [main] org.hibernate.type.BasicTypeRegistry     : Adding type registration imm_binary -> org.hibernate.type.AdaptedImmutableType@306cf3ea
2018-05-18 13:16:22.381 DEBUG 17356 --- [main] org.hibernate.type.BasicTypeRegistry     : Adding type registration imm_serializable -> org.hibernate.type.AdaptedImmutableType@2beee7ff
2018-05-18 13:16:22.407  INFO 17356 --- [main] org.hibernate.dialect.Dialect            : HHH000400: Using dialect: org.hibernate.dialect.HSQLDialect
2018-05-18 13:16:22.900 TRACE 17356 --- [main] org.hibernate.type.TypeFactory           : Scoping types to session factory org.hibernate.internal.SessionFactoryImpl@5ba3f27a
2018-05-18 13:16:23.393  INFO 17356 --- [main] o.h.t.schema.internal.SchemaCreatorImpl  : HHH000476: Executing import script 'org.hibernate.tool.schema.internal.exec.ScriptSourceInputNonExistentImpl@26d9b808'
2018-05-18 13:16:23.407  INFO 17356 --- [main] j.LocalContainerEntityManagerFactoryBean : Initialized JPA EntityManagerFactory for persistence unit 'default'
2018-05-18 13:16:24.356  INFO 17356 --- [main] o.s.w.s.handler.SimpleUrlHandlerMapping  : Mapped URL path [/**/favicon.ico] onto handler of type [class org.springframework.web.servlet.resource.ResourceHttpRequestHandler]
2018-05-18 13:16:25.043  INFO 17356 --- [main] s.w.s.m.m.a.RequestMappingHandlerAdapter : Looking for @ControllerAdvice: org.springframework.boot.web.servlet.context.AnnotationConfigServletWebServerApplicationContext@270421f5: startup date [Fri May 18 13:16:14 EDT 2018]; root of context hierarchy
2018-05-18 13:16:25.164  WARN 17356 --- [main] aWebConfiguration$JpaWebMvcConfiguration : spring.jpa.open-in-view is enabled by default. Therefore, database queries may be performed during view rendering. Explicitly configure spring.jpa.open-in-view to disable this warning
2018-05-18 13:16:25.256  INFO 17356 --- [main] s.w.s.m.m.a.RequestMappingHandlerMapping : Mapped "{[/convert],methods=[GET]}" onto public java.lang.String me.ankit.zooplus.controller.ConvertController.newUser()
2018-05-18 13:16:25.258  INFO 17356 --- [main] s.w.s.m.m.a.RequestMappingHandlerMapping : Mapped "{[/home]}" onto public java.lang.String me.ankit.zooplus.controller.HomeController.home()
2018-05-18 13:16:25.260  INFO 17356 --- [main] s.w.s.m.m.a.RequestMappingHandlerMapping : Mapped "{[/login || /]}" onto public java.lang.String me.ankit.zooplus.controller.LoginController.registerUser()
2018-05-18 13:16:25.280  INFO 17356 --- [main] s.w.s.m.m.a.RequestMappingHandlerMapping : Mapped "{[/register],methods=[POST]}" onto public java.lang.String me.ankit.zooplus.controller.RegisterController.registeredUser(me.ankit.zooplus.Entity.Users)
2018-05-18 13:16:25.283  INFO 17356 --- [main] s.w.s.m.m.a.RequestMappingHandlerMapping : Mapped "{[/register],methods=[GET]}" onto public java.lang.String me.ankit.zooplus.controller.RegisterController.newUser()
2018-05-18 13:16:25.284  INFO 17356 --- [main] s.w.s.m.m.a.RequestMappingHandlerMapping : Mapped "{[/users],methods=[GET]}" onto public java.lang.String me.ankit.zooplus.controller.UserController.getAllUsers(org.springframework.ui.Model)
2018-05-18 13:16:25.297  INFO 17356 --- [main] s.w.s.m.m.a.RequestMappingHandlerMapping : Mapped "{[/error]}" onto public org.springframework.http.ResponseEntity<java.util.Map<java.lang.String, java.lang.Object>> org.springframework.boot.autoconfigure.web.servlet.error.BasicErrorController.error(javax.servlet.http.HttpServletRequest)
2018-05-18 13:16:25.299  INFO 17356 --- [main] s.w.s.m.m.a.RequestMappingHandlerMapping : Mapped "{[/error],produces=[text/html]}" onto public org.springframework.web.servlet.ModelAndView org.springframework.boot.autoconfigure.web.servlet.error.BasicErrorController.errorHtml(javax.servlet.http.HttpServletRequest,javax.servlet.http.HttpServletResponse)
2018-05-18 13:16:25.376  INFO 17356 --- [main] o.s.w.s.handler.SimpleUrlHandlerMapping  : Mapped URL path [/webjars/**] onto handler of type [class org.springframework.web.servlet.resource.ResourceHttpRequestHandler]
2018-05-18 13:16:25.376  INFO 17356 --- [main] o.s.w.s.handler.SimpleUrlHandlerMapping  : Mapped URL path [/**] onto handler of type [class org.springframework.web.servlet.resource.ResourceHttpRequestHandler]
2018-05-18 13:16:26.186  INFO 17356 --- [main] o.s.j.e.a.AnnotationMBeanExporter        : Registering beans for JMX exposure on startup
2018-05-18 13:16:26.190  INFO 17356 --- [main] o.s.j.e.a.AnnotationMBeanExporter        : Bean with name 'dataSource' has been autodetected for JMX exposure
2018-05-18 13:16:26.202  INFO 17356 --- [main] o.s.j.e.a.AnnotationMBeanExporter        : Located MBean 'dataSource': registering with JMX server as MBean [com.zaxxer.hikari:name=dataSource,type=HikariDataSource]
2018-05-18 13:16:26.240  INFO 17356 --- [main] me.ankit.zooplus.ILogging                : DevBootstrap:onApplicationEvent
2018-05-18 13:16:26.245  INFO 17356 --- [main] me.ankit.zooplus.ILogging                : DevBootstrap:init
2018-05-18 13:16:26.481 TRACE 17356 --- [main] o.h.type.descriptor.sql.BasicBinder      : binding parameter [1] as [VARCHAR] - [email]
2018-05-18 13:16:26.483 TRACE 17356 --- [main] o.h.type.descriptor.sql.BasicBinder      : binding parameter [2] as [VARCHAR] - [20180518_131626]
2018-05-18 13:16:26.493 TRACE 17356 --- [main] o.h.type.descriptor.sql.BasicBinder      : binding parameter [3] as [VARCHAR] - [password]
2018-05-18 13:16:26.494 TRACE 17356 --- [main] o.h.type.descriptor.sql.BasicBinder      : binding parameter [4] as [INTEGER] - [1]
2018-05-18 13:16:26.495 TRACE 17356 --- [main] o.h.type.descriptor.sql.BasicBinder      : binding parameter [5] as [BIGINT] - [1]
2018-05-18 13:16:26.539 TRACE 17356 --- [main] o.h.type.descriptor.sql.BasicBinder      : binding parameter [1] as [VARCHAR] - [email-pinki]
2018-05-18 13:16:26.557 TRACE 17356 --- [main] o.h.type.descriptor.sql.BasicBinder      : binding parameter [2] as [VARCHAR] - [20180518_131626]
2018-05-18 13:16:26.562 TRACE 17356 --- [main] o.h.type.descriptor.sql.BasicBinder      : binding parameter [3] as [VARCHAR] - [password-pinki]
2018-05-18 13:16:26.563 TRACE 17356 --- [main] o.h.type.descriptor.sql.BasicBinder      : binding parameter [4] as [INTEGER] - [1]
2018-05-18 13:16:26.563 TRACE 17356 --- [main] o.h.type.descriptor.sql.BasicBinder      : binding parameter [5] as [BIGINT] - [2]
2018-05-18 13:16:26.799  INFO 17356 --- [main] o.s.b.w.embedded.tomcat.TomcatWebServer  : Tomcat started on port(s): 8080 (http) with context path ''
2018-05-18 13:16:26.804  INFO 17356 --- [main] me.ankit.zooplus.ZooplusApplication      : Started ZooplusApplication in 13.338 seconds (JVM running for 14.325)
2018-05-18 13:16:26.811 ERROR 17356 --- [main] me.ankit.zooplus.ILogging                : Test - fatal
2018-05-18 13:16:26.811 ERROR 17356 --- [main] me.ankit.zooplus.ILogging                : Test - error
2018-05-18 13:16:26.812  INFO 17356 --- [main] me.ankit.zooplus.ILogging                : Test - info
2018-05-18 13:23:15.296  INFO 17356 --- [http-nio-8080-exec-2] o.a.c.c.C.[Tomcat].[localhost].[/]       : Initializing Spring FrameworkServlet 'dispatcherServlet'
2018-05-18 13:23:15.297  INFO 17356 --- [http-nio-8080-exec-2] o.s.web.servlet.DispatcherServlet        : FrameworkServlet 'dispatcherServlet': initialization started
2018-05-18 13:23:15.371  INFO 17356 --- [http-nio-8080-exec-2] o.s.web.servlet.DispatcherServlet        : FrameworkServlet 'dispatcherServlet': initialization completed in 74 ms
2018-05-18 13:23:15.582  INFO 17356 --- [http-nio-8080-exec-2] me.ankit.zooplus.ILogging                : LoginController:registerUser()
2018-05-18 13:23:22.822  INFO 17356 --- [http-nio-8080-exec-6] me.ankit.zooplus.ILogging                : RegisterController:newUser
2018-05-18 13:23:34.361  INFO 17356 --- [http-nio-8080-exec-7] me.ankit.zooplus.ILogging                : RegisterController:registeredUser
2018-05-18 13:23:34.368  INFO 17356 --- [http-nio-8080-exec-7] me.ankit.zooplus.ILogging                : Users [Id=null, Email=po@pocom3, Password=oo, Version=0, LastLogin=null]
2018-05-18 13:23:34.369  INFO 17356 --- [http-nio-8080-exec-7] me.ankit.zooplus.ILogging                : Users [Id=null, Email=po@pocom3, Password=oo, Version=1, LastLogin=null]
2018-05-18 13:23:34.379 TRACE 17356 --- [http-nio-8080-exec-7] o.h.type.descriptor.sql.BasicBinder      : binding parameter [1] as [VARCHAR] - [po@pocom3]
2018-05-18 13:23:34.379 TRACE 17356 --- [http-nio-8080-exec-7] o.h.type.descriptor.sql.BasicBinder      : binding parameter [2] as [VARCHAR] - [null]
2018-05-18 13:23:34.380 TRACE 17356 --- [http-nio-8080-exec-7] o.h.type.descriptor.sql.BasicBinder      : binding parameter [3] as [VARCHAR] - [oo]
2018-05-18 13:23:34.380 TRACE 17356 --- [http-nio-8080-exec-7] o.h.type.descriptor.sql.BasicBinder      : binding parameter [4] as [INTEGER] - [1]
2018-05-18 13:23:34.380 TRACE 17356 --- [http-nio-8080-exec-7] o.h.type.descriptor.sql.BasicBinder      : binding parameter [5] as [BIGINT] - [3]
2018-05-18 13:24:29.275  INFO 17356 --- [Thread-4] ConfigServletWebServerApplicationContext : Closing org.springframework.boot.web.servlet.context.AnnotationConfigServletWebServerApplicationContext@270421f5: startup date [Fri May 18 13:16:14 EDT 2018]; root of context hierarchy
2018-05-18 13:24:29.282  INFO 17356 --- [Thread-4] o.s.j.e.a.AnnotationMBeanExporter        : Unregistering JMX-exposed beans on shutdown
2018-05-18 13:24:29.284  INFO 17356 --- [Thread-4] o.s.j.e.a.AnnotationMBeanExporter        : Unregistering JMX-exposed beans
2018-05-18 13:24:29.311  INFO 17356 --- [Thread-4] j.LocalContainerEntityManagerFactoryBean : Closing JPA EntityManagerFactory for persistence unit 'default'
2018-05-18 13:24:29.316  INFO 17356 --- [Thread-4] com.zaxxer.hikari.HikariDataSource       : HikariPool-1 - Shutdown initiated...
2018-05-18 13:24:29.376  INFO 17356 --- [Thread-4] com.zaxxer.hikari.HikariDataSource       : HikariPool-1 - Shutdown completed.
