/*C12*/SET SCHEMA PUBLIC
drop table enquiry_history if exists
drop table test_user if exists
drop table users if exists
drop sequence hibernate_sequence if exists
create sequence hibernate_sequence start with 1 increment by 1
create table enquiry_history (id bigint not null, from_amount float not null, from_currency varchar(255) not null, query_date timestamp not null, to_amount float not null, to_currency varchar(255) not null, user_id bigint not null, version integer not null, primary key (id))
create table test_user (id bigint not null, email varchar(255) not null, password varchar(255) not null, primary key (id))
create table users (id bigint not null, email varchar(255) not null, last_login varchar(255) not null, password varchar(255) not null, version varchar(255) not null, primary key (id))
INSERT INTO USERS VALUES(1,'email','20180511_092856','password','version')
ALTER SEQUENCE PUBLIC.HIBERNATE_SEQUENCE RESTART WITH 2
COMMIT
INSERT INTO USERS VALUES(2,'email-pinki','20180511_092856','password-pinki','version')
ALTER SEQUENCE PUBLIC.HIBERNATE_SEQUENCE RESTART WITH 3
COMMIT
DISCONNECT
/*C13*/SET SCHEMA PUBLIC
DISCONNECT
/*C14*/SET SCHEMA PUBLIC
DISCONNECT
/*C15*/SET SCHEMA PUBLIC
DISCONNECT
/*C16*/SET SCHEMA PUBLIC
DISCONNECT
/*C17*/SET SCHEMA PUBLIC
DISCONNECT
/*C18*/SET SCHEMA PUBLIC
DISCONNECT
/*C19*/SET SCHEMA PUBLIC
DISCONNECT
/*C20*/SET SCHEMA PUBLIC
DISCONNECT
/*C21*/SET SCHEMA PUBLIC
DISCONNECT
